Build started 19.12.2016 22:06:58.
     1>Project "C:\Users\Chircan\Documents\Proiect\Quoridor_GAME\Quoridor_GAME\Quoridor_GAME.vcxproj" on node 2 (Build target(s)).
     1>ClCompile:
         C:\Program Files (x86)\Microsoft Visual Studio 12.0\VC\bin\x86_amd64\CL.exe /c /Zi /nologo /W3 /WX- /sdl /Od /D _MBCS /Gm /EHsc /RTC1 /MDd /GS /fp:precise /Zc:wchar_t /Zc:forScope /Fo"x64\Debug\\" /Fd"x64\Debug\vc120.pdb" /Gd /TP /errorReport:prompt main.cpp
         main.cpp
     1>main.cpp(243): warning C4101: 'event' : unreferenced local variable
     1>c:\users\chircan\documents\proiect\quoridor_game\quoridor_game\main.cpp(46): warning C4715: 'playingAgainstHuman' : not all control paths return a value
     1>c:\users\chircan\documents\proiect\quoridor_game\quoridor_game\main.cpp(67): warning C4715: 'playingAgainstComputer' : not all control paths return a value
     1>c:\users\chircan\documents\proiect\quoridor_game\quoridor_game\main.cpp(178): warning C4715: 'createRulesWindow' : not all control paths return a value
     1>c:\users\chircan\documents\proiect\quoridor_game\quoridor_game\main.cpp(146): warning C4715: 'createDecisionWindow' : not all control paths return a value
       Link:
         C:\Program Files (x86)\Microsoft Visual Studio 12.0\VC\bin\x86_amd64\link.exe /ERRORREPORT:PROMPT /OUT:"C:\Users\Chircan\Documents\Proiect\Quoridor_GAME\x64\Debug\Quoridor_GAME.exe" /INCREMENTAL /NOLOGO SDL2.lib SDL2main.lib SDL2_image.lib kernel32.lib user32.lib gdi32.lib winspool.lib comdlg32.lib advapi32.lib shell32.lib ole32.lib oleaut32.lib uuid.lib odbc32.lib odbccp32.lib /MANIFEST /MANIFESTUAC:"level='asInvoker' uiAccess='false'" /manifest:embed /PDB:"C:\Users\Chircan\Documents\Proiect\Quoridor_GAME\x64\Debug\Quoridor_GAME.pdb" /SUBSYSTEM:CONSOLE /TLBID:1 /DYNAMICBASE /NXCOMPAT /IMPLIB:"C:\Users\Chircan\Documents\Proiect\Quoridor_GAME\x64\Debug\Quoridor_GAME.lib" /MACHINE:X64 x64\Debug\main.obj
     1>main.obj : error LNK2019: unresolved external symbol SDL_CreateWindow referenced in function SDL_main
     1>main.obj : error LNK2019: unresolved external symbol SDL_DestroyWindow referenced in function SDL_main
     1>main.obj : error LNK2019: unresolved external symbol SDL_GetMouseState referenced in function "void __cdecl createGameTable(void)" (?createGameTable@@YAXXZ)
     1>main.obj : error LNK2019: unresolved external symbol SDL_PollEvent referenced in function "int __cdecl playingAgainstHuman(void)" (?playingAgainstHuman@@YAHXZ)
     1>main.obj : error LNK2019: unresolved external symbol SDL_CreateRenderer referenced in function SDL_main
     1>main.obj : error LNK2019: unresolved external symbol SDL_CreateTextureFromSurface referenced in function "void __cdecl createGameTable(void)" (?createGameTable@@YAXXZ)
     1>main.obj : error LNK2019: unresolved external symbol SDL_SetRenderDrawColor referenced in function SDL_main
     1>main.obj : error LNK2019: unresolved external symbol SDL_RenderClear referenced in function "void __cdecl createGameTable(void)" (?createGameTable@@YAXXZ)
     1>main.obj : error LNK2019: unresolved external symbol SDL_RenderCopy referenced in function "void __cdecl createGameTable(void)" (?createGameTable@@YAXXZ)
     1>main.obj : error LNK2019: unresolved external symbol SDL_RenderPresent referenced in function "void __cdecl createGameTable(void)" (?createGameTable@@YAXXZ)
     1>main.obj : error LNK2019: unresolved external symbol SDL_Quit referenced in function SDL_main
     1>main.obj : error LNK2019: unresolved external symbol IMG_Init referenced in function SDL_main
     1>main.obj : error LNK2019: unresolved external symbol IMG_Quit referenced in function SDL_main
     1>main.obj : error LNK2019: unresolved external symbol IMG_Load referenced in function "void __cdecl createGameTable(void)" (?createGameTable@@YAXXZ)
     1>MSVCRTD.lib(crtexe.obj) : error LNK2019: unresolved external symbol main referenced in function __tmainCRTStartup
     1>C:\Users\Chircan\Documents\Proiect\Quoridor_GAME\x64\Debug\Quoridor_GAME.exe : fatal error LNK1120: 15 unresolved externals
     1>Done Building Project "C:\Users\Chircan\Documents\Proiect\Quoridor_GAME\Quoridor_GAME\Quoridor_GAME.vcxproj" (Build target(s)) -- FAILED.

Build FAILED.

Time Elapsed 00:00:02.53
